[2024-10-01 23:12:22] app.INFO: Protect vendor folder in module dashactivity [] []
[2024-10-01 23:12:22] app.INFO: Module dashactivity has no vendor folder [] []
[2024-10-01 23:12:22] app.INFO: Protect vendor folder in module dashgoals [] []
[2024-10-01 23:12:22] app.INFO: Module dashgoals has no vendor folder [] []
[2024-10-01 23:12:22] app.INFO: Protect vendor folder in module dashproducts [] []
[2024-10-01 23:12:22] app.INFO: Module dashproducts has no vendor folder [] []
[2024-10-01 23:12:22] app.INFO: Protect vendor folder in module dashtrends [] []
[2024-10-01 23:12:22] app.INFO: Module dashtrends has no vendor folder [] []
[2024-10-01 23:12:24] app.INFO: Protect vendor folder in module gamification [] []
[2024-10-01 23:12:24] app.INFO: Protect vendor folder in module graphnvd3 [] []
[2024-10-01 23:12:24] app.INFO: Module graphnvd3 has no vendor folder [] []
[2024-10-01 23:12:24] app.INFO: Protect vendor folder in module gridhtml [] []
[2024-10-01 23:12:24] app.INFO: Module gridhtml has no vendor folder [] []
[2024-10-01 23:12:24] app.INFO: Protect vendor folder in module gsitemap [] []
[2024-10-01 23:12:24] app.INFO: Module gsitemap has no vendor folder [] []
[2024-10-01 23:12:24] app.INFO: Protect vendor folder in module klaviyopsautomation [] []
[2024-10-01 23:12:25] app.INFO: Protect vendor folder in module pagesnotfound [] []
[2024-10-01 23:12:25] app.INFO: Module pagesnotfound has no vendor folder [] []
[2024-10-01 23:12:26] app.INFO: Protect vendor folder in module psshipping [] []
[2024-10-01 23:12:26] app.ERROR: Cannot register tab "CarrierController" because it already exists [] []
[2024-10-01 23:12:26] app.ERROR: Cannot register tab "CarrierController" because it already exists [] []
[2024-10-01 23:12:26] app.ERROR: Cannot register tab "CarrierController" because it already exists [] []
[2024-10-01 23:12:27] app.ERROR: Cannot register tab "ConfigurationController" because it already exists [] []
[2024-10-01 23:12:27] app.ERROR: Cannot register tab "OrdersController" because it already exists [] []
[2024-10-01 23:12:27] app.ERROR: Cannot register tab "OrdersController" because it already exists [] []
[2024-10-01 23:12:27] app.ERROR: Cannot register tab "OrdersController" because it already exists [] []
[2024-10-01 23:12:27] app.ERROR: Cannot register tab "ConfigurationController" because it already exists [] []
[2024-10-01 23:12:27] app.ERROR: Cannot register tab "ConfigurationController" because it already exists [] []
[2024-10-01 23:12:27] app.ERROR: Cannot register tab "ConfigurationController" because it already exists [] []
[2024-10-01 23:12:27] app.ERROR: Cannot register tab "ConfigurationController" because it already exists [] []
[2024-10-01 23:12:27] app.ERROR: Cannot register tab "ConfigurationController" because it already exists [] []
[2024-10-01 23:12:27] app.ERROR: Cannot register tab "ConfigurationController" because it already exists [] []
[2024-10-01 23:12:27] app.ERROR: Cannot register tab "ConfigurationController" because it already exists [] []
[2024-10-01 23:12:27] app.ERROR: Cannot register tab "KeycloakAuthController" because it already exists [] []
[2024-10-01 23:12:28] app.INFO: Protect vendor folder in module psxdesign [] []
[2024-10-01 23:12:29] app.INFO: Protect vendor folder in module psxmarketingwithgoogle [] []
[2024-10-01 23:12:30] app.INFO: Protect vendor folder in module ps_accounts [] []
[2024-10-01 23:12:31] app.INFO: Protect vendor folder in module ps_brandlist [] []
[2024-10-01 23:12:31] app.INFO: Module ps_brandlist has no vendor folder [] []
[2024-10-01 23:12:31] app.INFO: Protect vendor folder in module ps_cashondelivery [] []
[2024-10-01 23:12:31] app.INFO: Module ps_cashondelivery has no vendor folder [] []
[2024-10-01 23:12:31] app.INFO: Protect vendor folder in module ps_categoryproducts [] []
[2024-10-01 23:12:31] app.INFO: Module ps_categoryproducts has no vendor folder [] []
[2024-10-01 23:12:32] app.INFO: Protect vendor folder in module ps_checkout [] []
[2024-10-01 23:12:32] app.INFO: Protect vendor folder in module ps_checkpayment [] []
[2024-10-01 23:12:32] app.INFO: Module ps_checkpayment has no vendor folder [] []
[2024-10-01 23:12:32] app.INFO: Protect vendor folder in module ps_crossselling [] []
[2024-10-01 23:12:32] app.INFO: Module ps_crossselling has no vendor folder [] []
[2024-10-01 23:12:32] app.INFO: Protect vendor folder in module ps_dataprivacy [] []
[2024-10-01 23:12:32] app.INFO: Module ps_dataprivacy has no vendor folder [] []
[2024-10-01 23:12:33] app.INFO: Protect vendor folder in module ps_distributionapiclient [] []
[2024-10-01 23:12:33] app.INFO: Module ps_distributionapiclient has no vendor folder [] []
[2024-10-01 23:12:33] app.INFO: Protect vendor folder in module ps_edition_basic [] []
[2024-10-01 23:12:33] app.INFO: Protect vendor folder in module ps_emailalerts [] []
[2024-10-01 23:12:33] app.INFO: Module ps_emailalerts has no vendor folder [] []
[2024-10-01 23:12:34] app.INFO: Protect vendor folder in module ps_eventbus [] []
[2024-10-01 23:12:35] app.INFO: Protect vendor folder in module ps_facebook [] []
[2024-10-01 23:12:35] app.INFO: Protect vendor folder in module ps_faviconnotificationbo [] []
[2024-10-01 23:12:35] app.INFO: Module ps_faviconnotificationbo has no vendor folder [] []
[2024-10-01 23:12:36] app.INFO: Protect vendor folder in module ps_googleanalytics [] []
[2024-10-01 23:12:36] app.INFO: Module ps_googleanalytics has no vendor folder [] []
[2024-10-01 23:12:37] app.INFO: Protect vendor folder in module ps_mbo [] []
[2024-10-01 23:12:40] app.INFO: Protect vendor folder in module ps_metrics [] []
[2024-10-01 23:12:40] app.INFO: Protect vendor folder in module ps_supplierlist [] []
[2024-10-01 23:12:40] app.INFO: Module ps_supplierlist has no vendor folder [] []
[2024-10-01 23:12:40] app.INFO: Protect vendor folder in module ps_themecusto [] []
[2024-10-01 23:12:40] app.INFO: Module ps_themecusto has no vendor folder [] []
[2024-10-01 23:12:40] app.INFO: Protect vendor folder in module ps_viewedproduct [] []
[2024-10-01 23:12:40] app.INFO: Module ps_viewedproduct has no vendor folder [] []
[2024-10-01 23:12:40] app.INFO: Protect vendor folder in module ps_wirepayment [] []
[2024-10-01 23:12:40] app.INFO: Module ps_wirepayment has no vendor folder [] []
[2024-10-01 23:12:40] app.INFO: Protect vendor folder in module statsbestcategories [] []
[2024-10-01 23:12:40] app.INFO: Module statsbestcategories has no vendor folder [] []
[2024-10-01 23:12:40] app.INFO: Protect vendor folder in module statsbestcustomers [] []
[2024-10-01 23:12:40] app.INFO: Module statsbestcustomers has no vendor folder [] []
[2024-10-01 23:12:40] app.INFO: Protect vendor folder in module statsbestmanufacturers [] []
[2024-10-01 23:12:40] app.INFO: Module statsbestmanufacturers has no vendor folder [] []
[2024-10-01 23:12:40] app.INFO: Protect vendor folder in module statsbestproducts [] []
[2024-10-01 23:12:40] app.INFO: Module statsbestproducts has no vendor folder [] []
[2024-10-01 23:12:40] app.INFO: Protect vendor folder in module statsbestsuppliers [] []
[2024-10-01 23:12:40] app.INFO: Module statsbestsuppliers has no vendor folder [] []
[2024-10-01 23:12:41] app.INFO: Protect vendor folder in module statsbestvouchers [] []
[2024-10-01 23:12:41] app.INFO: Module statsbestvouchers has no vendor folder [] []
[2024-10-01 23:12:41] app.INFO: Protect vendor folder in module statscarrier [] []
[2024-10-01 23:12:41] app.INFO: Module statscarrier has no vendor folder [] []
[2024-10-01 23:12:41] app.INFO: Protect vendor folder in module statscatalog [] []
[2024-10-01 23:12:41] app.INFO: Module statscatalog has no vendor folder [] []
[2024-10-01 23:12:41] app.INFO: Protect vendor folder in module statscheckup [] []
[2024-10-01 23:12:41] app.INFO: Module statscheckup has no vendor folder [] []
[2024-10-01 23:12:41] app.INFO: Protect vendor folder in module statsdata [] []
[2024-10-01 23:12:41] app.INFO: Module statsdata has no vendor folder [] []
[2024-10-01 23:12:41] app.INFO: Protect vendor folder in module statsforecast [] []
[2024-10-01 23:12:41] app.INFO: Module statsforecast has no vendor folder [] []
[2024-10-01 23:12:41] app.INFO: Protect vendor folder in module statsnewsletter [] []
[2024-10-01 23:12:41] app.INFO: Module statsnewsletter has no vendor folder [] []
[2024-10-01 23:12:41] app.INFO: Protect vendor folder in module statspersonalinfos [] []
[2024-10-01 23:12:41] app.INFO: Module statspersonalinfos has no vendor folder [] []
[2024-10-01 23:12:41] app.INFO: Protect vendor folder in module statsproduct [] []
[2024-10-01 23:12:41] app.INFO: Module statsproduct has no vendor folder [] []
[2024-10-01 23:12:41] app.INFO: Protect vendor folder in module statsregistrations [] []
[2024-10-01 23:12:41] app.INFO: Module statsregistrations has no vendor folder [] []
[2024-10-01 23:12:42] app.INFO: Protect vendor folder in module statssales [] []
[2024-10-01 23:12:42] app.INFO: Module statssales has no vendor folder [] []
[2024-10-01 23:12:42] app.INFO: Protect vendor folder in module statssearch [] []
[2024-10-01 23:12:42] app.INFO: Module statssearch has no vendor folder [] []
[2024-10-01 23:12:42] app.INFO: Protect vendor folder in module statsstock [] []
[2024-10-01 23:12:42] app.INFO: Module statsstock has no vendor folder [] []
